[01m[K/home/ddquan/testflyab_ws/src/flyab/src/flyab_lib.cpp:[m[K In member function â€˜[01m[Kvoid OffboardControl::enuYawFlight()[m[Kâ€™:
[01m[K/home/ddquan/testflyab_ws/src/flyab/src/flyab_lib.cpp:533:9:[m[K [01;31m[Kerror: [m[Kâ€˜[01m[Kelse[m[Kâ€™ without a previous â€˜[01m[Kif[m[Kâ€™
  533 |         [01;31m[Kelse[m[K {
      |         [01;31m[K^~~~[m[K
[01m[K/home/ddquan/testflyab_ws/src/flyab/src/flyab_lib.cpp:[m[K At global scope:
[01m[K/home/ddquan/testflyab_ws/src/flyab/src/flyab_lib.cpp:622:1:[m[K [01;31m[Kerror: [m[Kexpected declaration before â€˜[01m[K}[m[Kâ€™ token
  622 | [01;31m[K}[m[K
      | [01;31m[K^[m[K
make[2]: *** [CMakeFiles/flyab_lib.dir/build.make:63: CMakeFiles/flyab_lib.dir/src/flyab_lib.cpp.o] Error 1
make[1]: *** [CMakeFiles/Makefile2:234: CMakeFiles/flyab_lib.dir/all] Error 2
make: *** [Makefile:141: all] Error 2
