[01m[K/home/ddquan/testflyab_ws/src/flyab/src/flyab_lib.cpp:520:3:[m[K [01;31m[Kerror: [m[Kexpected unqualified-id before â€˜[01m[Kelse[m[Kâ€™
  520 |   [01;31m[Kelse[m[K {
      |   [01;31m[K^~~~[m[K
[01m[K/home/ddquan/testflyab_ws/src/flyab/src/flyab_lib.cpp:540:15:[m[K [01;31m[Kerror: [m[Kâ€˜[01m[Kcout[m[Kâ€™ in namespace â€˜[01m[Kstd[m[Kâ€™ does not name a type
  540 |          std::[01;31m[Kcout[m[K<< "this_loop_alpha = "  << this_loop_alpha << std::endl;
      |               [01;31m[K^~~~[m[K
In file included from [01m[K/opt/ros/noetic/include/ros/time.h:54[m[K,
                 from [01m[K/opt/ros/noetic/include/ros/ros.h:38[m[K,
                 from [01m[K/home/ddquan/testflyab_ws/src/flyab/include/flyab/flyab.h:4[m[K,
                 from [01m[K/home/ddquan/testflyab_ws/src/flyab/src/flyab_lib.cpp:1[m[K:
[01m[K/usr/include/c++/9/iostream:61:18:[m[K [01;36m[Knote: [m[Kâ€˜[01m[Kstd::cout[m[Kâ€™ declared here
   61 |   extern ostream [01;36m[Kcout[m[K;  /// Linked to standard output
      |                  [01;36m[K^~~~[m[K
[01m[K/home/ddquan/testflyab_ws/src/flyab/src/flyab_lib.cpp:542:9:[m[K [01;31m[Kerror: [m[Kâ€˜[01m[Ktarget_enu_pose_[m[Kâ€™ does not name a type; did you mean â€˜[01m[Ktarget_pos_[m[Kâ€™?
  542 |         [01;31m[Ktarget_enu_pose_[m[K.header.stamp = ros::Time::now();
      |         [01;31m[K^~~~~~~~~~~~~~~~[m[K
      |         [32m[Ktarget_pos_[m[K
[01m[K/home/ddquan/testflyab_ws/src/flyab/src/flyab_lib.cpp:543:9:[m[K [01;31m[Kerror: [m[Kâ€˜[01m[Ksetpoint_pose_pub_[m[Kâ€™ does not name a type
  543 |         [01;31m[Ksetpoint_pose_pub_[m[K.publish(target_enu_pose_);
      |         [01;31m[K^~~~~~~~~~~~~~~~~~[m[K
[01m[K/home/ddquan/testflyab_ws/src/flyab/src/flyab_lib.cpp:545:9:[m[K [01;31m[Kerror: [m[Kâ€˜[01m[Kdistance_[m[Kâ€™ does not name a type
  545 |         [01;31m[Kdistance_[m[K = distanceBetween(targetTransfer(current_odom_.pose.pose.position.x, current_odom_.pose.pose.position.y, current_odom_.pose.pose.position.z), setpoint);
      |         [01;31m[K^~~~~~~~~[m[K
[01m[K/home/ddquan/testflyab_ws/src/flyab/src/flyab_lib.cpp:546:20:[m[K [01;31m[Kerror: [m[Kexpected constructor, destructor, or type conversion before â€˜[01m[K([m[Kâ€™ token
  546 |         std::printf[01;31m[K([m[K"Distance to target: %.1f (m) \n", distance_);
      |                    [01;31m[K^[m[K
[01m[K/home/ddquan/testflyab_ws/src/flyab/src/flyab_lib.cpp:548:50:[m[K [01;31m[Kerror: [m[Kâ€˜[01m[Ktarget_error_[m[Kâ€™ was not declared in this scope; did you mean â€˜[01m[Ktarget_pos_[m[Kâ€™?
  548 |         bool target_reached = checkPositionError([01;31m[Ktarget_error_[m[K, setpoint);
      |                                                  [01;31m[K^~~~~~~~~~~~~[m[K
      |                                                  [32m[Ktarget_pos_[m[K
[01m[K/home/ddquan/testflyab_ws/src/flyab/src/flyab_lib.cpp:548:65:[m[K [01;31m[Kerror: [m[Kâ€˜[01m[Ksetpoint[m[Kâ€™ was not declared in this scope
  548 |         bool target_reached = checkPositionError(target_error_, [01;31m[Ksetpoint[m[K);
      |                                                                 [01;31m[K^~~~~~~~[m[K
[01m[K/home/ddquan/testflyab_ws/src/flyab/src/flyab_lib.cpp:548:31:[m[K [01;31m[Kerror: [m[Kâ€˜[01m[KcheckPositionError[m[Kâ€™ was not declared in this scope
  548 |         bool target_reached = [01;31m[KcheckPositionError[m[K(target_error_, setpoint);
      |                               [01;31m[K^~~~~~~~~~~~~~~~~~[m[K
[01m[K/home/ddquan/testflyab_ws/src/flyab/src/flyab_lib.cpp:551:9:[m[K [01;31m[Kerror: [m[Kexpected unqualified-id before â€˜[01m[Kif[m[Kâ€™
  551 |         [01;31m[Kif[m[K (target_reached && !final_position_reached_) {
      |         [01;31m[K^~[m[K
[01m[K/home/ddquan/testflyab_ws/src/flyab/src/flyab_lib.cpp:561:9:[m[K [01;31m[Kerror: [m[Kexpected unqualified-id before â€˜[01m[Kif[m[Kâ€™
  561 |         [01;31m[Kif[m[K (target_reached && final_position_reached_) {
      |         [01;31m[K^~[m[K
[01m[K/home/ddquan/testflyab_ws/src/flyab/src/flyab_lib.cpp:578:24:[m[K [01;31m[Kerror: [m[Kexpected constructor, destructor, or type conversion before â€˜[01m[K;[m[Kâ€™ token
  578 |         ros::spinOnce()[01;31m[K;[m[K
      |                        [01;31m[K^[m[K
[01m[K/home/ddquan/testflyab_ws/src/flyab/src/flyab_lib.cpp:579:9:[m[K [01;31m[Kerror: [m[Kâ€˜[01m[Krate[m[Kâ€™ does not name a type
  579 |         [01;31m[Krate[m[K.sleep();
      |         [01;31m[K^~~~[m[K
[01m[K/home/ddquan/testflyab_ws/src/flyab/src/flyab_lib.cpp:580:5:[m[K [01;31m[Kerror: [m[Kexpected declaration before â€˜[01m[K}[m[Kâ€™ token
  580 |     [01;31m[K}[m[K
      |     [01;31m[K^[m[K
[01m[K/home/ddquan/testflyab_ws/src/flyab/src/flyab_lib.cpp:581:1:[m[K [01;31m[Kerror: [m[Kexpected declaration before â€˜[01m[K}[m[Kâ€™ token
  581 | [01;31m[K}[m[K
      | [01;31m[K^[m[K
make[2]: *** [CMakeFiles/flyab_lib.dir/build.make:63: CMakeFiles/flyab_lib.dir/src/flyab_lib.cpp.o] Error 1
make[1]: *** [CMakeFiles/Makefile2:234: CMakeFiles/flyab_lib.dir/all] Error 2
make: *** [Makefile:141: all] Error 2
