[01m[K/home/ddquan/testflyab_ws/src/flyab/src/flyab_lib.cpp:[m[K In member function â€˜[01m[Kvoid OffboardControl::enuYawFlight()[m[Kâ€™:
[01m[K/home/ddquan/testflyab_ws/src/flyab/src/flyab_lib.cpp:514:13:[m[K [01;31m[Kerror: [m[Kexpected â€˜[01m[K}[m[Kâ€™ before â€˜[01m[Kelse[m[Kâ€™
  514 |             [01;31m[Kelse[m[K {
      |             [01;31m[K^~~~[m[K
[01m[K/home/ddquan/testflyab_ws/src/flyab/src/flyab_lib.cpp:510:13:[m[K [01;36m[Knote: [m[Kto match this â€˜[01m[K{[m[Kâ€™
  510 |             [01;36m[K{[m[Ktarget_enu_pose_.pose.position.x = current_odom_.pose.pose.position.x;
      |             [01;36m[K^[m[K
[01m[K/home/ddquan/testflyab_ws/src/flyab/src/flyab_lib.cpp:530:9:[m[K [01;31m[Kerror: [m[Kâ€˜[01m[Kelse[m[Kâ€™ without a previous â€˜[01m[Kif[m[Kâ€™
  530 |         [01;31m[Kelse[m[K {
      |         [01;31m[K^~~~[m[K
[01m[K/home/ddquan/testflyab_ws/src/flyab/src/flyab_lib.cpp:[m[K At global scope:
[01m[K/home/ddquan/testflyab_ws/src/flyab/src/flyab_lib.cpp:619:1:[m[K [01;31m[Kerror: [m[Kexpected declaration before â€˜[01m[K}[m[Kâ€™ token
  619 | [01;31m[K}[m[K
      | [01;31m[K^[m[K
make[2]: *** [CMakeFiles/flyab_lib.dir/build.make:63: CMakeFiles/flyab_lib.dir/src/flyab_lib.cpp.o] Error 1
make[1]: *** [CMakeFiles/Makefile2:234: CMakeFiles/flyab_lib.dir/all] Error 2
make: *** [Makefile:141: all] Error 2
